\BOOKMARK [1][-]{section.1}{Introduction}{}% 1
\BOOKMARK [2][-]{subsection.1.1}{HRL Laboratories}{section.1}% 2
\BOOKMARK [2][-]{subsection.1.2}{Project Statement}{section.1}% 3
\BOOKMARK [3][-]{subsubsection.1.2.1}{Objectives}{subsection.1.2}% 4
\BOOKMARK [3][-]{subsubsection.1.2.2}{Constraints}{subsection.1.2}% 5
\BOOKMARK [3][-]{subsubsection.1.2.3}{Functions}{subsection.1.2}% 6
\BOOKMARK [2][-]{subsection.1.3}{Deliverables}{section.1}% 7
\BOOKMARK [2][-]{subsection.1.4}{Project Status}{section.1}% 8
\BOOKMARK [1][-]{section.2}{Impact}{}% 9
\BOOKMARK [1][-]{section.3}{Background}{}% 10
\BOOKMARK [2][-]{subsection.3.1}{Quantum Communication Networks}{section.3}% 11
\BOOKMARK [2][-]{subsection.3.2}{Electron Spin Manipulation and Decoherence}{section.3}% 12
\BOOKMARK [2][-]{subsection.3.3}{The Hahn Spin-Echo Sequence}{section.3}% 13
\BOOKMARK [2][-]{subsection.3.4}{The Uhrig Dynamical Decoupling Sequence}{section.3}% 14
\BOOKMARK [1][-]{section.4}{Optical Components}{}% 15
\BOOKMARK [2][-]{subsection.4.1}{Electro-Optic Modulators and Pockels Cells}{section.4}% 16
\BOOKMARK [2][-]{subsection.4.2}{Important Specifications and Limitations}{section.4}% 17
\BOOKMARK [2][-]{subsection.4.3}{Polarizing Beam Splitters}{section.4}% 18
\BOOKMARK [1][-]{section.5}{Design Evaluation}{}% 19
\BOOKMARK [1][-]{section.6}{Single Pulse Design}{}% 20
\BOOKMARK [2][-]{subsection.6.1}{Specific Design \(TODO Rename this subsection\)}{section.6}% 21
\BOOKMARK [2][-]{subsection.6.2}{Evaluation}{section.6}% 22
\BOOKMARK [1][-]{section.7}{Digitizing Designs}{}% 23
\BOOKMARK [2][-]{subsection.7.1}{Design Details}{section.7}% 24
\BOOKMARK [2][-]{subsection.7.2}{Delay Optimization}{section.7}% 25
\BOOKMARK [2][-]{subsection.7.3}{Evaluation Results}{section.7}% 26
\BOOKMARK [2][-]{subsection.7.4}{Other Digitizing Designs}{section.7}% 27
\BOOKMARK [1][-]{section.8}{Computational Tools}{}% 28
\BOOKMARK [2][-]{subsection.8.1}{Optical Network Simulation}{section.8}% 29
\BOOKMARK [2][-]{subsection.8.2}{Delay Optimization}{section.8}% 30
\BOOKMARK [2][-]{subsection.8.3}{Filter Function and Error Analysis}{section.8}% 31
\BOOKMARK [1][-]{section.9}{Design Summaries}{}% 32
\BOOKMARK [1][-]{section.10}{Design Alternatives}{}% 33
\BOOKMARK [2][-]{subsection.10.1}{Path-per-Pulse Designs}{section.10}% 34
\BOOKMARK [2][-]{subsection.10.2}{Design Alternatives Comparison}{section.10}% 35
\BOOKMARK [1][-]{section.11}{Detailed Design}{}% 36
\BOOKMARK [2][-]{subsection.11.1}{Physical Design Details}{section.11}% 37
\BOOKMARK [3][-]{subsubsection.11.1.1}{Simple Design}{subsection.11.1}% 38
\BOOKMARK [3][-]{subsubsection.11.1.2}{/2 Pulses and Compensation Sequences}{subsection.11.1}% 39
\BOOKMARK [2][-]{subsection.11.2}{Design Limitations}{section.11}% 40
\BOOKMARK [1][-]{section.12}{Test Plan}{}% 41
\BOOKMARK [2][-]{subsection.12.1}{Simulation Advancements}{section.12}% 42
\BOOKMARK [2][-]{subsection.12.2}{Physical Testing}{section.12}% 43
\BOOKMARK [1][-]{section.13}{Project Management}{}% 44
\BOOKMARK [2][-]{subsection.13.1}{Work Breakdown Structure}{section.13}% 45
\BOOKMARK [2][-]{subsection.13.2}{Schedule}{section.13}% 46
